  iob_new.cpp
  optiga_trust_init.c
c:\users\yushev\git\python-optiga-trust\lib\optigatrust\csrc\optiga-trust-m\optiga_trust_init.c(43): fatal error C1083: Cannot open include file: 'optiga/optiga_util.h': No such file or directory
  pal_os_timer.c
  pal_os_lock.c
c:\users\yushev\git\python-optiga-trust\lib\optigatrust\csrc\optiga-trust-m\pal\libusb\pal_os_lock.c(37): fatal error C1083: Cannot open include file: 'optiga/pal/pal_os_lock.h': No such file or directory
  pal_os_datastore.c
c:\users\yushev\git\python-optiga-trust\lib\optigatrust\csrc\optiga-trust-m\pal\libusb\pal_os_datastore.c(38): fatal error C1083: Cannot open include file: 'optiga/pal/pal_os_datastore.h': No such file or directory
  pal_logger.c
c:\users\yushev\git\python-optiga-trust\lib\optigatrust\csrc\optiga-trust-m\pal\libusb\pal_logger.c(38): fatal error C1083: Cannot open include file: 'optiga/pal/pal_logger.h': No such file or directory
  pal_os_event.c
c:\users\yushev\git\python-optiga-trust\lib\optigatrust\csrc\optiga-trust-m\pal\libusb\pal_os_event.c(47): fatal error C1083: Cannot open include file: 'optiga/pal/pal_os_timer.h': No such file or directory
  pal_usb_config.c
c:\users\yushev\git\python-optiga-trust\lib\optigatrust\csrc\optiga-trust-m\pal\libusb\pal_usb_config.c(41): fatal error C1083: Cannot open include file: 'optiga/pal/pal_gpio.h': No such file or directory
  pal_i2c.c
c:\users\yushev\git\python-optiga-trust\lib\optigatrust\csrc\optiga-trust-m\pal\libusb\pal_i2c.c(40): fatal error C1083: Cannot open include file: 'optiga/pal/pal_i2c.h': No such file or directory
  pal_gpio.c
c:\users\yushev\git\python-optiga-trust\lib\optigatrust\csrc\optiga-trust-m\pal\libusb\pal_gpio.c(42): fatal error C1083: Cannot open include file: 'optiga/pal/pal_gpio.h': No such file or directory
  pal_common.c
c:\users\yushev\git\python-optiga-trust\lib\optigatrust\csrc\optiga-trust-m\pal\libusb\pal_common.c(42): fatal error C1083: Cannot open include file: 'optiga/pal/pal_gpio.h': No such file or directory
  pal.c
c:\users\yushev\git\python-optiga-trust\lib\optigatrust\csrc\optiga-trust-m\pal\libusb\pal.c(40): fatal error C1083: Cannot open include file: 'optiga/pal/pal_i2c.h': No such file or directory
  optiga_util.c
c:\users\yushev\git\python-optiga-trust\lib\optigatrust\csrc\optiga-trust-m\optiga\util\optiga_util.c(38): fatal error C1083: Cannot open include file: 'optiga/optiga_util.h': No such file or directory
  optiga_crypt.c
c:\users\yushev\git\python-optiga-trust\lib\optigatrust\csrc\optiga-trust-m\optiga\crypt\optiga_crypt.c(39): fatal error C1083: Cannot open include file: 'optiga/optiga_crypt.h': No such file or directory
  optiga_comms_ifx_i2c.c
c:\users\yushev\git\python-optiga-trust\lib\optigatrust\csrc\optiga-trust-m\optiga\comms\optiga_comms_ifx_i2c.c(38): fatal error C1083: Cannot open include file: 'optiga/comms/optiga_comms.h': No such file or directory
  ifx_i2c_transport_layer.c
c:\users\yushev\git\python-optiga-trust\lib\optigatrust\csrc\optiga-trust-m\optiga\comms\ifx_i2c\ifx_i2c_transport_layer.c(38): fatal error C1083: Cannot open include file: 'optiga/ifx_i2c/ifx_i2c_transport_layer.h': No such file or directory
  ifx_i2c_presentation_layer.c
c:\users\yushev\git\python-optiga-trust\lib\optigatrust\csrc\optiga-trust-m\optiga\comms\ifx_i2c\ifx_i2c_presentation_layer.c(38): fatal error C1083: Cannot open include file: 'optiga/ifx_i2c/ifx_i2c_presentation_layer.h': No such file or directory
  ifx_i2c_physical_layer.c
c:\users\yushev\git\python-optiga-trust\lib\optigatrust\csrc\optiga-trust-m\optiga\comms\ifx_i2c\ifx_i2c_physical_layer.c(38): fatal error C1083: Cannot open include file: 'optiga/ifx_i2c/ifx_i2c_physical_layer.h': No such file or directory
  ifx_i2c_data_link_layer.c
c:\users\yushev\git\python-optiga-trust\lib\optigatrust\csrc\optiga-trust-m\optiga\comms\ifx_i2c\ifx_i2c_data_link_layer.c(38): fatal error C1083: Cannot open include file: 'optiga/ifx_i2c/ifx_i2c_data_link_layer.h': No such file or directory
  ifx_i2c_config.c
c:\users\yushev\git\python-optiga-trust\lib\optigatrust\csrc\optiga-trust-m\optiga\comms\ifx_i2c\ifx_i2c_config.c(39): fatal error C1083: Cannot open include file: 'optiga/pal/pal_ifx_i2c_config.h': No such file or directory
  ifx_i2c.c
c:\users\yushev\git\python-optiga-trust\lib\optigatrust\csrc\optiga-trust-m\optiga\comms\ifx_i2c\ifx_i2c.c(38): fatal error C1083: Cannot open include file: 'optiga/ifx_i2c/ifx_i2c.h': No such file or directory
  Generating Code...
  Compiling...
  optiga_lib_logger.c
c:\users\yushev\git\python-optiga-trust\lib\optigatrust\csrc\optiga-trust-m\optiga\common\optiga_lib_logger.c(38): fatal error C1083: Cannot open include file: 'optiga/common/optiga_lib_common.h': No such file or directory
  optiga_lib_common.c
c:\users\yushev\git\python-optiga-trust\lib\optigatrust\csrc\optiga-trust-m\optiga\common\optiga_lib_common.c(38): fatal error C1083: Cannot open include file: 'optiga/common/optiga_lib_types.h': No such file or directory
  optiga_cmd.c
c:\users\yushev\git\python-optiga-trust\lib\optigatrust\csrc\optiga-trust-m\optiga\cmd\optiga_cmd.c(40): fatal error C1083: Cannot open include file: 'optiga/cmd/optiga_cmd.h': No such file or directory
  Generating Code...
