c:\users\yushev\git\python-optiga-trust\lib\optigatrust\csrc\optiga-trust-m\debug\vc140.pdb
c:\users\yushev\git\python-optiga-trust\lib\optigatrust\csrc\optiga-trust-m\debug\vc140.idb
c:\users\yushev\git\python-optiga-trust\lib\optigatrust\csrc\optiga-trust-m\debug\iob_new.obj
c:\users\yushev\git\python-optiga-trust\lib\optigatrust\csrc\optiga-trust-m\debug\ifx_i2c.obj
c:\users\yushev\git\python-optiga-trust\lib\optigatrust\csrc\optiga-trust-m\debug\ifx_i2c_config.obj
c:\users\yushev\git\python-optiga-trust\lib\optigatrust\csrc\optiga-trust-m\debug\ifx_i2c_data_link_layer.obj
c:\users\yushev\git\python-optiga-trust\lib\optigatrust\csrc\optiga-trust-m\debug\ifx_i2c_physical_layer.obj
c:\users\yushev\git\python-optiga-trust\lib\optigatrust\csrc\optiga-trust-m\debug\ifx_i2c_presentation_layer.obj
c:\users\yushev\git\python-optiga-trust\lib\optigatrust\csrc\optiga-trust-m\debug\ifx_i2c_transport_layer.obj
c:\users\yushev\git\python-optiga-trust\lib\optigatrust\csrc\optiga-trust-m\debug\optiga_comms_ifx_i2c.obj
c:\users\yushev\git\python-optiga-trust\lib\optigatrust\csrc\optiga-trust-m\debug\optiga_crypt.obj
c:\users\yushev\git\python-optiga-trust\lib\optigatrust\csrc\optiga-trust-m\debug\optiga_util.obj
c:\users\yushev\git\python-optiga-trust\lib\optigatrust\csrc\optiga-trust-m\debug\pal.obj
c:\users\yushev\git\python-optiga-trust\lib\optigatrust\csrc\optiga-trust-m\debug\pal_common.obj
c:\users\yushev\git\python-optiga-trust\lib\optigatrust\csrc\optiga-trust-m\debug\pal_gpio.obj
c:\users\yushev\git\python-optiga-trust\lib\optigatrust\csrc\optiga-trust-m\debug\pal_i2c.obj
c:\users\yushev\git\python-optiga-trust\lib\optigatrust\csrc\optiga-trust-m\debug\pal_usb_config.obj
c:\users\yushev\git\python-optiga-trust\lib\optigatrust\csrc\optiga-trust-m\debug\pal_os_event.obj
c:\users\yushev\git\python-optiga-trust\lib\optigatrust\csrc\optiga-trust-m\debug\pal_logger.obj
c:\users\yushev\git\python-optiga-trust\lib\optigatrust\csrc\optiga-trust-m\debug\pal_os_datastore.obj
c:\users\yushev\git\python-optiga-trust\lib\optigatrust\csrc\optiga-trust-m\debug\pal_os_lock.obj
c:\users\yushev\git\python-optiga-trust\lib\optigatrust\csrc\optiga-trust-m\debug\pal_os_timer.obj
c:\users\yushev\git\python-optiga-trust\lib\optigatrust\csrc\optiga-trust-m\debug\optiga_trust_init.obj
c:\users\yushev\git\python-optiga-trust\lib\optigatrust\csrc\optiga-trust-m\debug\optiga_cmd.obj
c:\users\yushev\git\python-optiga-trust\lib\optigatrust\csrc\optiga-trust-m\debug\optiga_lib_common.obj
c:\users\yushev\git\python-optiga-trust\lib\optigatrust\csrc\optiga-trust-m\debug\optiga_lib_logger.obj
c:\users\yushev\git\python-optiga-trust\lib\optigatrust\csrc\optiga-trust-m\debug\optiga-trust-m.tlog\cl.command.1.tlog
c:\users\yushev\git\python-optiga-trust\lib\optigatrust\csrc\optiga-trust-m\debug\optiga-trust-m.tlog\cl.read.1.tlog
c:\users\yushev\git\python-optiga-trust\lib\optigatrust\csrc\optiga-trust-m\debug\optiga-trust-m.tlog\cl.write.1.tlog
c:\users\yushev\git\python-optiga-trust\lib\optigatrust\csrc\optiga-trust-m\debug\optiga-trust-m.tlog\link.command.1.tlog
c:\users\yushev\git\python-optiga-trust\lib\optigatrust\csrc\optiga-trust-m\debug\optiga-trust-m.tlog\link.read.1.tlog
c:\users\yushev\git\python-optiga-trust\lib\optigatrust\csrc\optiga-trust-m\debug\optiga-trust-m.tlog\link.write.1.tlog
